<?xml version="1.0" encoding="UTF-8"?>
<!-- Generated by org.testng.reporters.JUnitReportReporter -->
<testsuite hostname="LAPTOP-TINQNFE1" failures="0" tests="1" name="com.nopcommerce.testcases.TC_LoginTest_001" time="4.459" errors="0" timestamp="2022-11-17T15:07:29 EST" skipped="0">
  <testcase classname="com.nopcommerce.testcases.TC_LoginTest_001" name="logintest" time="4.459"/>
  <system-out/>
</testsuite> <!-- com.nopcommerce.testcases.TC_LoginTest_001 -->
