<?xml version="1.0" encoding="UTF-8"?>
<!-- Generated by org.testng.reporters.JUnitReportReporter -->
<testsuite hostname="LAPTOP-TINQNFE1" failures="0" tests="1" name="com.nopcommerce.testcases.LoginTest" time="4.246" errors="0" timestamp="2022-11-15T17:29:21 EST" skipped="0">
  <testcase classname="com.nopcommerce.testcases.LoginTest" name="logintest" time="4.246"/>
  <system-out/>
</testsuite> <!-- com.nopcommerce.testcases.LoginTest -->
